Arguments: 
  /home/aman/.nvm/versions/node/v18.17.1/bin/node /usr/share/yarn/bin/yarn.js run

PATH: 
  /home/aman/.vscode-server/bin/6c3e3dba23e8fadc360aed75ce363ba185c49794/bin/remote-cli:/home/aman/.nvm/versions/node/v18.17.1/bin:/home/aman/.cargo/bin:/usr/local/sbin:/usr/local/bin:/usr/sbin:/usr/bin:/sbin:/bin:/usr/games:/usr/local/games:/usr/lib/wsl/lib:/mnt/c/WINDOWS/system32:/mnt/c/WINDOWS:/mnt/c/WINDOWS/System32/Wbem:/mnt/c/WINDOWS/System32/WindowsPowerShell/v1.0/:/mnt/c/WINDOWS/System32/OpenSSH/:/mnt/c/Program Files (x86)/NVIDIA Corporation/PhysX/Common:/mnt/c/Program Files/dotnet/:/mnt/c/Program Files/Docker/Docker/resources/bin:/mnt/c/Users/amanp/.console-ninja/.bin:/mnt/c/Users/amanp/AppData/Local/Microsoft/WindowsApps:/mnt/c/Users/amanp/AppData/Local/Programs/Microsoft VS Code/bin:/mnt/d/ProgramFiles/platform-tools

Yarn version: 
  1.22.19

Node version: 
  18.17.1

Platform: 
  linux x64

Trace: 
  SyntaxError: /home/aman/projects/varta/server/package.json: Unexpected token } in JSON at position 369
      at JSON.parse (<anonymous>)
      at /usr/share/yarn/lib/cli.js:1629:59
      at Generator.next (<anonymous>)
      at step (/usr/share/yarn/lib/cli.js:310:30)
      at /usr/share/yarn/lib/cli.js:321:13

npm manifest: 
  {
    "name": "varta",
    "version": "1.0.0",
    "description": "Elevate your online conversations with Varta, a real-time chat application powered by Next.js and Express.js. Experience instant messaging, group chats, and more in a user-friendly interface. Join the future of communication today.",
    "main": "server.js",
    "scripts": {
      "start": "nodemon server.js",
    },
    "author": "Aman Panchal",
    "license": "MIT"
  }

yarn manifest: 
  No manifest

Lockfile: 
  No lockfile
